15:26:18.473 [main] INFO  com.kishan.mongo.MongoApplication -Starting MongoApplication using Java 17.0.19 with PID 3248 (C:\Users\kisha\Downloads\SpringMongoIntegration\mongo\target\classes started by kisha in C:\Users\kisha\Downloads\SpringMongoIntegration\mongo)
15:26:18.486 [main] DEBUG com.kishan.mongo.MongoApplication -Running with Spring Boot v3.3.5, Spring v6.1.14
15:26:18.487 [main] INFO  com.kishan.mongo.MongoApplication -The following 1 profile is active: "dev"
15:26:20.517 [main] INFO  o.s.d.r.c.RepositoryConfigurationDelegate -Multiple Spring Data modules found, entering strict repository configuration mode
15:26:20.522 [main] INFO  o.s.d.r.c.RepositoryConfigurationDelegate -Bootstrapping Spring Data MongoDB repositories in DEFAULT mode.
15:26:20.834 [main] INFO  o.s.d.r.c.RepositoryConfigurationDelegate -Finished Spring Data repository scanning in 303 ms. Found 3 MongoDB repository interfaces.
15:26:20.869 [main] INFO  o.s.d.r.c.RepositoryConfigurationDelegate -Multiple Spring Data modules found, entering strict repository configuration mode
15:26:20.872 [main] INFO  o.s.d.r.c.RepositoryConfigurationDelegate -Bootstrapping Spring Data Redis repositories in DEFAULT mode.
15:26:20.901 [main] INFO  o.s.d.r.c.RepositoryConfigurationExtensionSupport -Spring Data Redis - Could not safely identify store assignment for repository candidate interface com.kishan.mongo.repository.configJournalAppRepo; If you want this repository to be a Redis repository, consider annotating your entities with one of these annotations: org.springframework.data.redis.core.RedisHash (preferred), or consider extending one of the following types with your repository: org.springframework.data.keyvalue.repository.KeyValueRepository
15:26:20.902 [main] INFO  o.s.d.r.c.RepositoryConfigurationExtensionSupport -Spring Data Redis - Could not safely identify store assignment for repository candidate interface com.kishan.mongo.repository.journalRepo; If you want this repository to be a Redis repository, consider annotating your entities with one of these annotations: org.springframework.data.redis.core.RedisHash (preferred), or consider extending one of the following types with your repository: org.springframework.data.keyvalue.repository.KeyValueRepository
15:26:20.902 [main] INFO  o.s.d.r.c.RepositoryConfigurationExtensionSupport -Spring Data Redis - Could not safely identify store assignment for repository candidate interface com.kishan.mongo.repository.userRepo; If you want this repository to be a Redis repository, consider annotating your entities with one of these annotations: org.springframework.data.redis.core.RedisHash (preferred), or consider extending one of the following types with your repository: org.springframework.data.keyvalue.repository.KeyValueRepository
15:26:20.902 [main] INFO  o.s.d.r.c.RepositoryConfigurationDelegate -Finished Spring Data repository scanning in 13 ms. Found 0 Redis repository interfaces.
15:26:22.105 [main] INFO  o.s.b.w.e.tomcat.TomcatWebServer -Tomcat initialized with port 8081 (http)
15:26:22.121 [main] INFO  o.a.coyote.http11.Http11NioProtocol -Initializing ProtocolHandler ["http-nio-8081"]
15:26:22.127 [main] INFO  o.a.catalina.core.StandardService -Starting service [Tomcat]
15:26:22.127 [main] INFO  o.a.catalina.core.StandardEngine -Starting Servlet engine: [Apache Tomcat/10.1.31]
15:26:22.272 [main] INFO  o.a.c.c.C.[Tomcat].[localhost].[/] -Initializing Spring embedded WebApplicationContext
15:26:22.273 [main] INFO  o.s.b.w.s.c.ServletWebServerApplicationContext -Root WebApplicationContext: initialization completed in 3466 ms
15:26:23.035 [cluster-ClusterId{value='6a141cc67ff8d137d39d2ddd', description='Cluster0'}-srv-cluster0.klby8uh.mongodb.net] INFO  org.mongodb.driver.cluster -Adding discovered server ac-7sel588-shard-00-02.klby8uh.mongodb.net:27017 to client view of cluster
15:26:23.058 [main] INFO  org.mongodb.driver.client -MongoClient with metadata {"application": {"name": "Cluster0"}, "driver": {"name": "mongo-java-driver|sync|spring-boot", "version": "5.0.1"}, "os": {"type": "Windows", "name": "Windows 11", "architecture": "amd64", "version": "10.0"}, "platform": "Java/Eclipse Adoptium/17.0.19+10"} created with settings MongoClientSettings{readPreference=primary, writeConcern=WriteConcern{w=null, wTimeout=null ms, journal=null}, retryWrites=true, retryReads=true, readConcern=ReadConcern{level=null}, credential=MongoCredential{mechanism=null, userName='imkishanverma_db_user', source='admin', password=<hidden>, mechanismProperties=<hidden>}, transportSettings=null, commandListeners=[], codecRegistry=ProvidersCodecRegistry{codecProviders=[ValueCodecProvider{}, BsonValueCodecProvider{}, DBRefCodecProvider{}, DBObjectCodecProvider{}, DocumentCodecProvider{}, CollectionCodecProvider{}, IterableCodecProvider{}, MapCodecProvider{}, GeoJsonCodecProvider{}, GridFSFileCodecProvider{}, Jsr310CodecProvider{}, JsonObjectCodecProvider{}, BsonCodecProvider{}, EnumCodecProvider{}, com.mongodb.client.model.mql.ExpressionCodecProvider@5b066c33, com.mongodb.Jep395RecordCodecProvider@62ea8931, com.mongodb.KotlinCodecProvider@47fb7ec9]}, loggerSettings=LoggerSettings{maxDocumentLength=1000}, clusterSettings={hosts=[127.0.0.1:27017], srvHost=cluster0.klby8uh.mongodb.net, srvServiceName=mongodb, mode=MULTIPLE, requiredClusterType=REPLICA_SET, requiredReplicaSetName='atlas-se9d8l-shard-0', serverSelector='null', clusterListeners='[]', serverSelectionTimeout='30000 ms', localThreshold='15 ms'}, socketSettings=SocketSettings{connectTimeoutMS=10000, readTimeoutMS=0, receiveBufferSize=0, proxySettings=ProxySettings{host=null, port=null, username=null, password=null}}, heartbeatSocketSettings=SocketSettings{connectTimeoutMS=10000, readTimeoutMS=10000, receiveBufferSize=0, proxySettings=ProxySettings{host=null, port=null, username=null, password=null}}, connectionPoolSettings=ConnectionPoolSettings{maxSize=100, minSize=0, maxWaitTimeMS=120000, maxConnectionLifeTimeMS=0, maxConnectionIdleTimeMS=0, maintenanceInitialDelayMS=0, maintenanceFrequencyMS=60000, connectionPoolListeners=[], maxConnecting=2}, serverSettings=ServerSettings{heartbeatFrequencyMS=10000, minHeartbeatFrequencyMS=500, serverListeners='[]', serverMonitorListeners='[]'}, sslSettings=SslSettings{enabled=true, invalidHostNameAllowed=false, context=null}, applicationName='Cluster0', compressorList=[], uuidRepresentation=JAVA_LEGACY, serverApi=null, autoEncryptionSettings=null, dnsClient=null, inetAddressResolver=null, contextProvider=null}
15:26:23.126 [cluster-ClusterId{value='6a141cc67ff8d137d39d2ddd', description='Cluster0'}-srv-cluster0.klby8uh.mongodb.net] INFO  org.mongodb.driver.cluster -Adding discovered server ac-7sel588-shard-00-00.klby8uh.mongodb.net:27017 to client view of cluster
15:26:23.133 [cluster-ClusterId{value='6a141cc67ff8d137d39d2ddd', description='Cluster0'}-srv-cluster0.klby8uh.mongodb.net] INFO  org.mongodb.driver.cluster -Adding discovered server ac-7sel588-shard-00-01.klby8uh.mongodb.net:27017 to client view of cluster
15:26:24.100 [main] INFO  org.mongodb.driver.cluster -Waiting for server to become available for operation with ID 7. Remaining time: 30000 ms. Selector: WritableServerSelector, topology description: {type=REPLICA_SET, servers=[{address=ac-7sel588-shard-00-00.klby8uh.mongodb.net:27017, type=UNKNOWN, state=CONNECTING}, {address=ac-7sel588-shard-00-02.klby8uh.mongodb.net:27017, type=UNKNOWN, state=CONNECTING}, {address=ac-7sel588-shard-00-01.klby8uh.mongodb.net:27017, type=UNKNOWN, state=CONNECTING}].
15:26:24.430 [cluster-ClusterId{value='6a141cc67ff8d137d39d2ddd', description='Cluster0'}-ac-7sel588-shard-00-02.klby8uh.mongodb.net:27017] INFO  org.mongodb.driver.cluster -Monitor thread successfully connected to server with description ServerDescription{address=ac-7sel588-shard-00-02.klby8uh.mongodb.net:27017, type=REPLICA_SET_SECONDARY, state=CONNECTED, ok=true, minWireVersion=0, maxWireVersion=25, maxDocumentSize=16777216, logicalSessionTimeoutMinutes=30, roundTripTimeNanos=416262500, setName='atlas-se9d8l-shard-0', canonicalAddress=ac-7sel588-shard-00-02.klby8uh.mongodb.net:27017, hosts=[ac-7sel588-shard-00-01.klby8uh.mongodb.net:27017, ac-7sel588-shard-00-02.klby8uh.mongodb.net:27017, ac-7sel588-shard-00-00.klby8uh.mongodb.net:27017], passives=[], arbiters=[], primary='ac-7sel588-shard-00-01.klby8uh.mongodb.net:27017', tagSet=TagSet{[Tag{name='availabilityZone', value='aps1-az2'}, Tag{name='cacheState', value='READY'}, Tag{name='diskState', value='READY'}, Tag{name='nodeType', value='ELECTABLE'}, Tag{name='provider', value='AWS'}, Tag{name='region', value='AP_SOUTH_1'}, Tag{name='workloadType', value='OPERATIONAL'}]}, electionId=null, setVersion=68, topologyVersion=TopologyVersion{processId=6a11b0e673437c661ef2c0ed, counter=3}, lastWriteDate=Mon May 25 15:26:24 IST 2026, lastUpdateTimeNanos=88159293614500}
15:26:24.431 [cluster-ClusterId{value='6a141cc67ff8d137d39d2ddd', description='Cluster0'}-ac-7sel588-shard-00-00.klby8uh.mongodb.net:27017] INFO  org.mongodb.driver.cluster -Monitor thread successfully connected to server with description ServerDescription{address=ac-7sel588-shard-00-00.klby8uh.mongodb.net:27017, type=REPLICA_SET_SECONDARY, state=CONNECTED, ok=true, minWireVersion=0, maxWireVersion=25, maxDocumentSize=16777216, logicalSessionTimeoutMinutes=30, roundTripTimeNanos=412986400, setName='atlas-se9d8l-shard-0', canonicalAddress=ac-7sel588-shard-00-00.klby8uh.mongodb.net:27017, hosts=[ac-7sel588-shard-00-01.klby8uh.mongodb.net:27017, ac-7sel588-shard-00-02.klby8uh.mongodb.net:27017, ac-7sel588-shard-00-00.klby8uh.mongodb.net:27017], passives=[], arbiters=[], primary='ac-7sel588-shard-00-01.klby8uh.mongodb.net:27017', tagSet=TagSet{[Tag{name='availabilityZone', value='aps1-az1'}, Tag{name='cacheState', value='READY'}, Tag{name='diskState', value='READY'}, Tag{name='nodeType', value='ELECTABLE'}, Tag{name='provider', value='AWS'}, Tag{name='region', value='AP_SOUTH_1'}, Tag{name='workloadType', value='OPERATIONAL'}]}, electionId=null, setVersion=68, topologyVersion=TopologyVersion{processId=6a11abc9c58df961a453aa20, counter=4}, lastWriteDate=Mon May 25 15:26:24 IST 2026, lastUpdateTimeNanos=88159291047100}
15:26:24.432 [cluster-ClusterId{value='6a141cc67ff8d137d39d2ddd', description='Cluster0'}-ac-7sel588-shard-00-01.klby8uh.mongodb.net:27017] INFO  org.mongodb.driver.cluster -Monitor thread successfully connected to server with description ServerDescription{address=ac-7sel588-shard-00-01.klby8uh.mongodb.net:27017, type=REPLICA_SET_PRIMARY, state=CONNECTED, ok=true, minWireVersion=0, maxWireVersion=25, maxDocumentSize=16777216, logicalSessionTimeoutMinutes=30, roundTripTimeNanos=408617200, setName='atlas-se9d8l-shard-0', canonicalAddress=ac-7sel588-shard-00-01.klby8uh.mongodb.net:27017, hosts=[ac-7sel588-shard-00-01.klby8uh.mongodb.net:27017, ac-7sel588-shard-00-02.klby8uh.mongodb.net:27017, ac-7sel588-shard-00-00.klby8uh.mongodb.net:27017], passives=[], arbiters=[], primary='ac-7sel588-shard-00-01.klby8uh.mongodb.net:27017', tagSet=TagSet{[Tag{name='availabilityZone', value='aps1-az3'}, Tag{name='cacheState', value='READY'}, Tag{name='diskState', value='READY'}, Tag{name='nodeType', value='ELECTABLE'}, Tag{name='provider', value='AWS'}, Tag{name='region', value='AP_SOUTH_1'}, Tag{name='workloadType', value='OPERATIONAL'}]}, electionId=7fffffff0000000000000071, setVersion=68, topologyVersion=TopologyVersion{processId=6a11ae5c07ec5b81576f7837, counter=6}, lastWriteDate=Mon May 25 15:26:24 GMT+05:30 2026, lastUpdateTimeNanos=88159291564900}
15:26:24.435 [cluster-ClusterId{value='6a141cc67ff8d137d39d2ddd', description='Cluster0'}-ac-7sel588-shard-00-01.klby8uh.mongodb.net:27017] INFO  org.mongodb.driver.cluster -Discovered replica set primary ac-7sel588-shard-00-01.klby8uh.mongodb.net:27017 with max election id 7fffffff0000000000000071 and max set version 68
15:26:27.236 [main] WARN  o.s.b.w.s.c.AnnotationConfigServletWebServerApplicationContext -Exception encountered during context initialization - cancelling refresh attempt: org.springframework.beans.factory.UnsatisfiedDependencyException: Error creating bean with name 'userController': Unsatisfied dependency expressed through field 'weatherService': Error creating bean with name 'weatherService': Invocation of init method failed
15:26:27.419 [main] INFO  o.a.catalina.core.StandardService -Stopping service [Tomcat]
15:26:27.438 [main] INFO  o.s.b.a.l.ConditionEvaluationReportLogger -

Error starting ApplicationContext. To display the condition evaluation report re-run your application with 'debug' enabled.
15:26:27.488 [main] ERROR o.s.boot.SpringApplication -Application run failed
org.springframework.beans.factory.UnsatisfiedDependencyException: Error creating bean with name 'userController': Unsatisfied dependency expressed through field 'weatherService': Error creating bean with name 'weatherService': Invocation of init method failed
	at org.springframework.beans.factory.annotation.AutowiredAnnotationBeanPostProcessor$AutowiredFieldElement.resolveFieldValue(AutowiredAnnotationBeanPostProcessor.java:788)
	at org.springframework.beans.factory.annotation.AutowiredAnnotationBeanPostProcessor$AutowiredFieldElement.inject(AutowiredAnnotationBeanPostProcessor.java:768)
	at org.springframework.beans.factory.annotation.InjectionMetadata.inject(InjectionMetadata.java:145)
	at org.springframework.beans.factory.annotation.AutowiredAnnotationBeanPostProcessor.postProcessProperties(AutowiredAnnotationBeanPostProcessor.java:509)
	at org.springframework.beans.factory.support.AbstractAutowireCapableBeanFactory.populateBean(AbstractAutowireCapableBeanFactory.java:1439)
	at org.springframework.beans.factory.support.AbstractAutowireCapableBeanFactory.doCreateBean(AbstractAutowireCapableBeanFactory.java:599)
	at org.springframework.beans.factory.support.AbstractAutowireCapableBeanFactory.createBean(AbstractAutowireCapableBeanFactory.java:522)
	at org.springframework.beans.factory.support.AbstractBeanFactory.lambda$doGetBean$0(AbstractBeanFactory.java:337)
	at org.springframework.beans.factory.support.DefaultSingletonBeanRegistry.getSingleton(DefaultSingletonBeanRegistry.java:234)
	at org.springframework.beans.factory.support.AbstractBeanFactory.doGetBean(AbstractBeanFactory.java:335)
	at org.springframework.beans.factory.support.AbstractBeanFactory.getBean(AbstractBeanFactory.java:200)
	at org.springframework.beans.factory.support.DefaultListableBeanFactory.preInstantiateSingletons(DefaultListableBeanFactory.java:975)
	at org.springframework.context.support.AbstractApplicationContext.finishBeanFactoryInitialization(AbstractApplicationContext.java:971)
	at org.springframework.context.support.AbstractApplicationContext.refresh(AbstractApplicationContext.java:625)
	at org.springframework.boot.web.servlet.context.ServletWebServerApplicationContext.refresh(ServletWebServerApplicationContext.java:146)
	at org.springframework.boot.SpringApplication.refresh(SpringApplication.java:754)
	at org.springframework.boot.SpringApplication.refreshContext(SpringApplication.java:456)
	at org.springframework.boot.SpringApplication.run(SpringApplication.java:335)
	at org.springframework.boot.SpringApplication.run(SpringApplication.java:1363)
	at org.springframework.boot.SpringApplication.run(SpringApplication.java:1352)
	at com.kishan.mongo.MongoApplication.main(MongoApplication.java:14)
Caused by: org.springframework.beans.factory.BeanCreationException: Error creating bean with name 'weatherService': Invocation of init method failed
	at org.springframework.beans.factory.annotation.InitDestroyAnnotationBeanPostProcessor.postProcessBeforeInitialization(InitDestroyAnnotationBeanPostProcessor.java:222)
	at org.springframework.beans.factory.support.AbstractAutowireCapableBeanFactory.applyBeanPostProcessorsBeforeInitialization(AbstractAutowireCapableBeanFactory.java:422)
	at org.springframework.beans.factory.support.AbstractAutowireCapableBeanFactory.initializeBean(AbstractAutowireCapableBeanFactory.java:1798)
	at org.springframework.beans.factory.support.AbstractAutowireCapableBeanFactory.doCreateBean(AbstractAutowireCapableBeanFactory.java:600)
	at org.springframework.beans.factory.support.AbstractAutowireCapableBeanFactory.createBean(AbstractAutowireCapableBeanFactory.java:522)
	at org.springframework.beans.factory.support.AbstractBeanFactory.lambda$doGetBean$0(AbstractBeanFactory.java:337)
	at org.springframework.beans.factory.support.DefaultSingletonBeanRegistry.getSingleton(DefaultSingletonBeanRegistry.java:234)
	at org.springframework.beans.factory.support.AbstractBeanFactory.doGetBean(AbstractBeanFactory.java:335)
	at org.springframework.beans.factory.support.AbstractBeanFactory.getBean(AbstractBeanFactory.java:200)
	at org.springframework.beans.factory.config.DependencyDescriptor.resolveCandidate(DependencyDescriptor.java:254)
	at org.springframework.beans.factory.support.DefaultListableBeanFactory.doResolveDependency(DefaultListableBeanFactory.java:1443)
	at org.springframework.beans.factory.support.DefaultListableBeanFactory.resolveDependency(DefaultListableBeanFactory.java:1353)
	at org.springframework.beans.factory.annotation.AutowiredAnnotationBeanPostProcessor$AutowiredFieldElement.resolveFieldValue(AutowiredAnnotationBeanPostProcessor.java:785)
	... 20 common frames omitted
Caused by: org.springframework.data.redis.RedisConnectionFailureException: Unable to connect to Redis
	at org.springframework.data.redis.connection.lettuce.LettuceConnectionFactory$ExceptionTranslatingConnectionProvider.translateException(LettuceConnectionFactory.java:1849)
	at org.springframework.data.redis.connection.lettuce.LettuceConnectionFactory$ExceptionTranslatingConnectionProvider.getConnection(LettuceConnectionFactory.java:1780)
	at org.springframework.data.redis.connection.lettuce.LettuceConnectionFactory$SharedConnection.getNativeConnection(LettuceConnectionFactory.java:1582)
	at org.springframework.data.redis.connection.lettuce.LettuceConnectionFactory$SharedConnection.lambda$getConnection$0(LettuceConnectionFactory.java:1562)
	at org.springframework.data.redis.connection.lettuce.LettuceConnectionFactory.doInLock(LettuceConnectionFactory.java:1523)
	at org.springframework.data.redis.connection.lettuce.LettuceConnectionFactory$SharedConnection.getConnection(LettuceConnectionFactory.java:1559)
	at org.springframework.data.redis.connection.lettuce.LettuceConnectionFactory.getSharedConnection(LettuceConnectionFactory.java:1245)
	at org.springframework.data.redis.connection.lettuce.LettuceConnectionFactory.getConnection(LettuceConnectionFactory.java:1051)
	at com.kishan.mongo.service.WeatherService.checkRedis(WeatherService.java:35)
	at java.base/jdk.internal.reflect.NativeMethodAccessorImpl.invoke0(Native Method)
	at java.base/jdk.internal.reflect.NativeMethodAccessorImpl.invoke(NativeMethodAccessorImpl.java:77)
	at java.base/jdk.internal.reflect.DelegatingMethodAccessorImpl.invoke(DelegatingMethodAccessorImpl.java:43)
	at java.base/java.lang.reflect.Method.invoke(Method.java:569)
	at org.springframework.beans.factory.annotation.InitDestroyAnnotationBeanPostProcessor$LifecycleMethod.invoke(InitDestroyAnnotationBeanPostProcessor.java:457)
	at org.springframework.beans.factory.annotation.InitDestroyAnnotationBeanPostProcessor$LifecycleMetadata.invokeInitMethods(InitDestroyAnnotationBeanPostProcessor.java:401)
	at org.springframework.beans.factory.annotation.InitDestroyAnnotationBeanPostProcessor.postProcessBeforeInitialization(InitDestroyAnnotationBeanPostProcessor.java:219)
	... 32 common frames omitted
Caused by: io.lettuce.core.RedisConnectionException: Unable to connect to tiger-fly-ethereal-31105.db.redis.io/<unresolved>:13799
	at io.lettuce.core.RedisConnectionException.create(RedisConnectionException.java:78)
	at io.lettuce.core.RedisConnectionException.create(RedisConnectionException.java:56)
	at io.lettuce.core.AbstractRedisClient.getConnection(AbstractRedisClient.java:350)
	at io.lettuce.core.RedisClient.connect(RedisClient.java:215)
	at org.springframework.data.redis.connection.lettuce.StandaloneConnectionProvider.lambda$getConnection$1(StandaloneConnectionProvider.java:112)
	at java.base/java.util.Optional.orElseGet(Optional.java:364)
	at org.springframework.data.redis.connection.lettuce.StandaloneConnectionProvider.getConnection(StandaloneConnectionProvider.java:112)
	at org.springframework.data.redis.connection.lettuce.LettuceConnectionFactory$ExceptionTranslatingConnectionProvider.getConnection(LettuceConnectionFactory.java:1778)
	... 46 common frames omitted
Caused by: io.netty.handler.ssl.NotSslRecordException: not an SSL/TLS record: 2d45525220756e6b6e6f776e20636f6d6d616e642027160303019901270d0a2d45525220756e6b6e6f776e20636f6d6d616e642027080b0401050106010402270d0a
	at io.netty.handler.ssl.SslHandler.decodeJdkCompatible(SslHandler.java:1342)
	at io.netty.handler.ssl.SslHandler.decode(SslHandler.java:1415)
	at io.netty.handler.codec.ByteToMessageDecoder.decodeRemovalReentryProtection(ByteToMessageDecoder.java:530)
	at io.netty.handler.codec.ByteToMessageDecoder.callDecode(ByteToMessageDecoder.java:469)
	at io.netty.handler.codec.ByteToMessageDecoder.channelRead(ByteToMessageDecoder.java:290)
	at io.netty.channel.AbstractChannelHandlerContext.invokeChannelRead(AbstractChannelHandlerContext.java:444)
	at io.netty.channel.AbstractChannelHandlerContext.invokeChannelRead(AbstractChannelHandlerContext.java:420)
	at io.netty.channel.AbstractChannelHandlerContext.fireChannelRead(AbstractChannelHandlerContext.java:412)
	at io.netty.channel.DefaultChannelPipeline$HeadContext.channelRead(DefaultChannelPipeline.java:1357)
	at io.netty.channel.AbstractChannelHandlerContext.invokeChannelRead(AbstractChannelHandlerContext.java:440)
	at io.netty.channel.AbstractChannelHandlerContext.invokeChannelRead(AbstractChannelHandlerContext.java:420)
	at io.netty.channel.DefaultChannelPipeline.fireChannelRead(DefaultChannelPipeline.java:868)
	at io.netty.channel.nio.AbstractNioByteChannel$NioByteUnsafe.read(AbstractNioByteChannel.java:166)
	at io.netty.channel.nio.NioEventLoop.processSelectedKey(NioEventLoop.java:788)
	at io.netty.channel.nio.NioEventLoop.processSelectedKeysOptimized(NioEventLoop.java:724)
	at io.netty.channel.nio.NioEventLoop.processSelectedKeys(NioEventLoop.java:650)
	at io.netty.channel.nio.NioEventLoop.run(NioEventLoop.java:562)
	at io.netty.util.concurrent.SingleThreadEventExecutor$4.run(SingleThreadEventExecutor.java:997)
	at io.netty.util.internal.ThreadExecutorMap$2.run(ThreadExecutorMap.java:74)
	at io.netty.util.concurrent.FastThreadLocalRunnable.run(FastThreadLocalRunnable.java:30)
	at java.base/java.lang.Thread.run(Thread.java:840)
15:26:54.466 [main] INFO  com.kishan.mongo.MongoApplication -Starting MongoApplication using Java 17.0.19 with PID 14204 (C:\Users\kisha\Downloads\SpringMongoIntegration\mongo\target\classes started by kisha in C:\Users\kisha\Downloads\SpringMongoIntegration\mongo)
15:26:54.469 [main] DEBUG com.kishan.mongo.MongoApplication -Running with Spring Boot v3.3.5, Spring v6.1.14
15:26:54.470 [main] INFO  com.kishan.mongo.MongoApplication -The following 1 profile is active: "dev"
15:26:56.079 [main] INFO  o.s.d.r.c.RepositoryConfigurationDelegate -Multiple Spring Data modules found, entering strict repository configuration mode
15:26:56.083 [main] INFO  o.s.d.r.c.RepositoryConfigurationDelegate -Bootstrapping Spring Data MongoDB repositories in DEFAULT mode.
15:26:56.574 [main] INFO  o.s.d.r.c.RepositoryConfigurationDelegate -Finished Spring Data repository scanning in 481 ms. Found 3 MongoDB repository interfaces.
15:26:56.638 [main] INFO  o.s.d.r.c.RepositoryConfigurationDelegate -Multiple Spring Data modules found, entering strict repository configuration mode
15:26:56.642 [main] INFO  o.s.d.r.c.RepositoryConfigurationDelegate -Bootstrapping Spring Data Redis repositories in DEFAULT mode.
15:26:56.668 [main] INFO  o.s.d.r.c.RepositoryConfigurationExtensionSupport -Spring Data Redis - Could not safely identify store assignment for repository candidate interface com.kishan.mongo.repository.configJournalAppRepo; If you want this repository to be a Redis repository, consider annotating your entities with one of these annotations: org.springframework.data.redis.core.RedisHash (preferred), or consider extending one of the following types with your repository: org.springframework.data.keyvalue.repository.KeyValueRepository
15:26:56.668 [main] INFO  o.s.d.r.c.RepositoryConfigurationExtensionSupport -Spring Data Redis - Could not safely identify store assignment for repository candidate interface com.kishan.mongo.repository.journalRepo; If you want this repository to be a Redis repository, consider annotating your entities with one of these annotations: org.springframework.data.redis.core.RedisHash (preferred), or consider extending one of the following types with your repository: org.springframework.data.keyvalue.repository.KeyValueRepository
15:26:56.669 [main] INFO  o.s.d.r.c.RepositoryConfigurationExtensionSupport -Spring Data Redis - Could not safely identify store assignment for repository candidate interface com.kishan.mongo.repository.userRepo; If you want this repository to be a Redis repository, consider annotating your entities with one of these annotations: org.springframework.data.redis.core.RedisHash (preferred), or consider extending one of the following types with your repository: org.springframework.data.keyvalue.repository.KeyValueRepository
15:26:56.669 [main] INFO  o.s.d.r.c.RepositoryConfigurationDelegate -Finished Spring Data repository scanning in 12 ms. Found 0 Redis repository interfaces.
15:26:57.838 [main] INFO  o.s.b.w.e.tomcat.TomcatWebServer -Tomcat initialized with port 8081 (http)
15:26:57.861 [main] INFO  o.a.coyote.http11.Http11NioProtocol -Initializing ProtocolHandler ["http-nio-8081"]
15:26:57.869 [main] INFO  o.a.catalina.core.StandardService -Starting service [Tomcat]
15:26:57.869 [main] INFO  o.a.catalina.core.StandardEngine -Starting Servlet engine: [Apache Tomcat/10.1.31]
15:26:57.979 [main] INFO  o.a.c.c.C.[Tomcat].[localhost].[/] -Initializing Spring embedded WebApplicationContext
15:26:57.979 [main] INFO  o.s.b.w.s.c.ServletWebServerApplicationContext -Root WebApplicationContext: initialization completed in 3370 ms
15:26:58.473 [cluster-ClusterId{value='6a141cea87a93a02f7fa1de1', description='Cluster0'}-srv-cluster0.klby8uh.mongodb.net] INFO  org.mongodb.driver.cluster -Adding discovered server ac-7sel588-shard-00-02.klby8uh.mongodb.net:27017 to client view of cluster
15:26:58.528 [cluster-ClusterId{value='6a141cea87a93a02f7fa1de1', description='Cluster0'}-srv-cluster0.klby8uh.mongodb.net] INFO  org.mongodb.driver.cluster -Adding discovered server ac-7sel588-shard-00-00.klby8uh.mongodb.net:27017 to client view of cluster
15:26:58.534 [cluster-ClusterId{value='6a141cea87a93a02f7fa1de1', description='Cluster0'}-srv-cluster0.klby8uh.mongodb.net] INFO  org.mongodb.driver.cluster -Adding discovered server ac-7sel588-shard-00-01.klby8uh.mongodb.net:27017 to client view of cluster
15:26:58.548 [main] INFO  org.mongodb.driver.client -MongoClient with metadata {"application": {"name": "Cluster0"}, "driver": {"name": "mongo-java-driver|sync|spring-boot", "version": "5.0.1"}, "os": {"type": "Windows", "name": "Windows 11", "architecture": "amd64", "version": "10.0"}, "platform": "Java/Eclipse Adoptium/17.0.19+10"} created with settings MongoClientSettings{readPreference=primary, writeConcern=WriteConcern{w=null, wTimeout=null ms, journal=null}, retryWrites=true, retryReads=true, readConcern=ReadConcern{level=null}, credential=MongoCredential{mechanism=null, userName='imkishanverma_db_user', source='admin', password=<hidden>, mechanismProperties=<hidden>}, transportSettings=null, commandListeners=[], codecRegistry=ProvidersCodecRegistry{codecProviders=[ValueCodecProvider{}, BsonValueCodecProvider{}, DBRefCodecProvider{}, DBObjectCodecProvider{}, DocumentCodecProvider{}, CollectionCodecProvider{}, IterableCodecProvider{}, MapCodecProvider{}, GeoJsonCodecProvider{}, GridFSFileCodecProvider{}, Jsr310CodecProvider{}, JsonObjectCodecProvider{}, BsonCodecProvider{}, EnumCodecProvider{}, com.mongodb.client.model.mql.ExpressionCodecProvider@656c5c3, com.mongodb.Jep395RecordCodecProvider@7911cc15, com.mongodb.KotlinCodecProvider@4409cae6]}, loggerSettings=LoggerSettings{maxDocumentLength=1000}, clusterSettings={hosts=[127.0.0.1:27017], srvHost=cluster0.klby8uh.mongodb.net, srvServiceName=mongodb, mode=MULTIPLE, requiredClusterType=REPLICA_SET, requiredReplicaSetName='atlas-se9d8l-shard-0', serverSelector='null', clusterListeners='[]', serverSelectionTimeout='30000 ms', localThreshold='15 ms'}, socketSettings=SocketSettings{connectTimeoutMS=10000, readTimeoutMS=0, receiveBufferSize=0, proxySettings=ProxySettings{host=null, port=null, username=null, password=null}}, heartbeatSocketSettings=SocketSettings{connectTimeoutMS=10000, readTimeoutMS=10000, receiveBufferSize=0, proxySettings=ProxySettings{host=null, port=null, username=null, password=null}}, connectionPoolSettings=ConnectionPoolSettings{maxSize=100, minSize=0, maxWaitTimeMS=120000, maxConnectionLifeTimeMS=0, maxConnectionIdleTimeMS=0, maintenanceInitialDelayMS=0, maintenanceFrequencyMS=60000, connectionPoolListeners=[], maxConnecting=2}, serverSettings=ServerSettings{heartbeatFrequencyMS=10000, minHeartbeatFrequencyMS=500, serverListeners='[]', serverMonitorListeners='[]'}, sslSettings=SslSettings{enabled=true, invalidHostNameAllowed=false, context=null}, applicationName='Cluster0', compressorList=[], uuidRepresentation=JAVA_LEGACY, serverApi=null, autoEncryptionSettings=null, dnsClient=null, inetAddressResolver=null, contextProvider=null}
15:26:59.540 [cluster-ClusterId{value='6a141cea87a93a02f7fa1de1', description='Cluster0'}-ac-7sel588-shard-00-02.klby8uh.mongodb.net:27017] INFO  org.mongodb.driver.cluster -Monitor thread successfully connected to server with description ServerDescription{address=ac-7sel588-shard-00-02.klby8uh.mongodb.net:27017, type=REPLICA_SET_SECONDARY, state=CONNECTED, ok=true, minWireVersion=0, maxWireVersion=25, maxDocumentSize=16777216, logicalSessionTimeoutMinutes=30, roundTripTimeNanos=399210000, setName='atlas-se9d8l-shard-0', canonicalAddress=ac-7sel588-shard-00-02.klby8uh.mongodb.net:27017, hosts=[ac-7sel588-shard-00-01.klby8uh.mongodb.net:27017, ac-7sel588-shard-00-02.klby8uh.mongodb.net:27017, ac-7sel588-shard-00-00.klby8uh.mongodb.net:27017], passives=[], arbiters=[], primary='ac-7sel588-shard-00-01.klby8uh.mongodb.net:27017', tagSet=TagSet{[Tag{name='availabilityZone', value='aps1-az2'}, Tag{name='cacheState', value='READY'}, Tag{name='diskState', value='READY'}, Tag{name='nodeType', value='ELECTABLE'}, Tag{name='provider', value='AWS'}, Tag{name='region', value='AP_SOUTH_1'}, Tag{name='workloadType', value='OPERATIONAL'}]}, electionId=null, setVersion=68, topologyVersion=TopologyVersion{processId=6a11b0e673437c661ef2c0ed, counter=3}, lastWriteDate=Mon May 25 15:26:59 IST 2026, lastUpdateTimeNanos=88194403181300}
15:26:59.548 [cluster-ClusterId{value='6a141cea87a93a02f7fa1de1', description='Cluster0'}-ac-7sel588-shard-00-01.klby8uh.mongodb.net:27017] INFO  org.mongodb.driver.cluster -Monitor thread successfully connected to server with description ServerDescription{address=ac-7sel588-shard-00-01.klby8uh.mongodb.net:27017, type=REPLICA_SET_PRIMARY, state=CONNECTED, ok=true, minWireVersion=0, maxWireVersion=25, maxDocumentSize=16777216, logicalSessionTimeoutMinutes=30, roundTripTimeNanos=403852500, setName='atlas-se9d8l-shard-0', canonicalAddress=ac-7sel588-shard-00-01.klby8uh.mongodb.net:27017, hosts=[ac-7sel588-shard-00-01.klby8uh.mongodb.net:27017, ac-7sel588-shard-00-02.klby8uh.mongodb.net:27017, ac-7sel588-shard-00-00.klby8uh.mongodb.net:27017], passives=[], arbiters=[], primary='ac-7sel588-shard-00-01.klby8uh.mongodb.net:27017', tagSet=TagSet{[Tag{name='availabilityZone', value='aps1-az3'}, Tag{name='cacheState', value='READY'}, Tag{name='diskState', value='READY'}, Tag{name='nodeType', value='ELECTABLE'}, Tag{name='provider', value='AWS'}, Tag{name='region', value='AP_SOUTH_1'}, Tag{name='workloadType', value='OPERATIONAL'}]}, electionId=7fffffff0000000000000071, setVersion=68, topologyVersion=TopologyVersion{processId=6a11ae5c07ec5b81576f7837, counter=6}, lastWriteDate=Mon May 25 15:26:59 IST 2026, lastUpdateTimeNanos=88194412205700}
15:26:59.550 [cluster-ClusterId{value='6a141cea87a93a02f7fa1de1', description='Cluster0'}-ac-7sel588-shard-00-01.klby8uh.mongodb.net:27017] INFO  org.mongodb.driver.cluster -Discovered replica set primary ac-7sel588-shard-00-01.klby8uh.mongodb.net:27017 with max election id 7fffffff0000000000000071 and max set version 68
15:26:59.551 [cluster-ClusterId{value='6a141cea87a93a02f7fa1de1', description='Cluster0'}-ac-7sel588-shard-00-00.klby8uh.mongodb.net:27017] INFO  org.mongodb.driver.cluster -Monitor thread successfully connected to server with description ServerDescription{address=ac-7sel588-shard-00-00.klby8uh.mongodb.net:27017, type=REPLICA_SET_SECONDARY, state=CONNECTED, ok=true, minWireVersion=0, maxWireVersion=25, maxDocumentSize=16777216, logicalSessionTimeoutMinutes=30, roundTripTimeNanos=406865300, setName='atlas-se9d8l-shard-0', canonicalAddress=ac-7sel588-shard-00-00.klby8uh.mongodb.net:27017, hosts=[ac-7sel588-shard-00-01.klby8uh.mongodb.net:27017, ac-7sel588-shard-00-02.klby8uh.mongodb.net:27017, ac-7sel588-shard-00-00.klby8uh.mongodb.net:27017], passives=[], arbiters=[], primary='ac-7sel588-shard-00-01.klby8uh.mongodb.net:27017', tagSet=TagSet{[Tag{name='availabilityZone', value='aps1-az1'}, Tag{name='cacheState', value='READY'}, Tag{name='diskState', value='READY'}, Tag{name='nodeType', value='ELECTABLE'}, Tag{name='provider', value='AWS'}, Tag{name='region', value='AP_SOUTH_1'}, Tag{name='workloadType', value='OPERATIONAL'}]}, electionId=null, setVersion=68, topologyVersion=TopologyVersion{processId=6a11abc9c58df961a453aa20, counter=4}, lastWriteDate=Mon May 25 15:26:59 IST 2026, lastUpdateTimeNanos=88194415453500}
